<?xml version="1.0" encoding="UTF-8"?>

<mule xmlns:xsi="http://www.w3.org/2001/XMLSchema-instance"
	xmlns:munit="http://www.mulesoft.org/schema/mule/munit" xmlns:munit-tools="http://www.mulesoft.org/schema/mule/munit-tools"
	xmlns="http://www.mulesoft.org/schema/mule/core" xmlns:doc="http://www.mulesoft.org/schema/mule/documentation"
	xsi:schemaLocation="
		http://www.mulesoft.org/schema/mule/core http://www.mulesoft.org/schema/mule/core/current/mule.xsd
		http://www.mulesoft.org/schema/mule/munit http://www.mulesoft.org/schema/mule/munit/current/mule-munit.xsd
		http://www.mulesoft.org/schema/mule/munit-tools  http://www.mulesoft.org/schema/mule/munit-tools/current/mule-munit-tools.xsd">
	<munit:config name="test-test-suite.xml" />
	<munit:test name="success-Test" doc:id="9566fd48-350c-4f7e-956e-636e0658066a" description="Test">
		<munit:execution >
			<flow-ref doc:name="Flow-ref to testFlow" doc:id="eb0621dd-e11b-4804-a8d6-faaf6064d1b8" name="testFlow"/>
		</munit:execution>
		<munit:validation >
			<munit-tools:verify-call doc:name="Verify end logger" doc:id="31adab34-0d28-4af6-bea4-eed3ae2b5fa2" processor="logger" times="1">
				<munit-tools:with-attributes >
					<munit-tools:with-attribute whereValue="da58d249-5983-48c5-b075-575b9e4856cb" attributeName="doc:id" />
				</munit-tools:with-attributes>
			</munit-tools:verify-call>
		</munit:validation>
	</munit:test>
	<munit:test name="error-test" doc:id="ec6e2815-6210-45dd-94bb-e8351caa8966" description="Test" ignore="true">
		<munit:execution >
			<flow-ref doc:name="Flow-ref to testFlow" doc:id="3b3610f8-2668-45b4-9668-c301ad712ff8" name="testFlow"/>
		</munit:execution>
		<munit:validation >
			<munit-tools:verify-call doc:name="Verify call" doc:id="ad7510ee-6683-4485-86c9-a4d2772d6408" processor="logger" atLeast="3">
				<munit-tools:with-attributes >
					<munit-tools:with-attribute whereValue="da58d249-5983-48c5-b075-575b9e4856cb" attributeName="doc:id" />
				</munit-tools:with-attributes>
			</munit-tools:verify-call>
		</munit:validation>
	</munit:test>
	<munit:test name="failure-test" doc:id="67ae214f-5ae5-426c-ace3-1b564ceb85ca" description="Test" expectedErrorType="HTTP:CONNECTIVITY" ignore="true">
		<munit:execution >
			<flow-ref doc:name="Flow-ref to testFlow" doc:id="0422b0ea-a036-4c13-a3d4-f84d51141af3" name="testFlow"/>
		</munit:execution>
		<munit:validation >
			<munit-tools:verify-call doc:name="Verify call" doc:id="f0310a86-cc02-4999-8a26-e6c3be35cb4b" processor="logger" times="1">
				<munit-tools:with-attributes >
					<munit-tools:with-attribute whereValue="da58d249-5983-48c5-b075-575b9e4856cb" attributeName="doc:id" />
				</munit-tools:with-attributes>
			</munit-tools:verify-call>
		</munit:validation>
	</munit:test>
	<munit:test name="skippedTest" doc:id="c1c7f1f9-fa65-4629-8dab-1e99837f480d" description="Test" ignore="true">
		<munit:execution >
			<flow-ref doc:name="Flow-ref to testFlow" doc:id="fa47c23a-29db-470e-be1c-9d8cd43aefdb" name="testFlow"/>
		</munit:execution>
		<munit:validation >
			<munit-tools:verify-call doc:name="Verify call" doc:id="3ec9fe09-d8e0-4d97-b735-f5e91f5aa3e6" processor="logger" times="1">
				<munit-tools:with-attributes >
					<munit-tools:with-attribute whereValue="da58d249-5983-48c5-b075-575b9e4856cb" attributeName="doc:id" />
				</munit-tools:with-attributes>
			</munit-tools:verify-call>
		</munit:validation>
	</munit:test>


</mule>
