<?xml version="1.0" encoding="UTF-8"?>

<mule xmlns:xsi="http://www.w3.org/2001/XMLSchema-instance"
	xmlns:munit="http://www.mulesoft.org/schema/mule/munit" xmlns:munit-tools="http://www.mulesoft.org/schema/mule/munit-tools"
	xmlns="http://www.mulesoft.org/schema/mule/core" xmlns:doc="http://www.mulesoft.org/schema/mule/documentation"
	xsi:schemaLocation="
		http://www.mulesoft.org/schema/mule/core http://www.mulesoft.org/schema/mule/core/current/mule.xsd
		http://www.mulesoft.org/schema/mule/munit http://www.mulesoft.org/schema/mule/munit/current/mule-munit.xsd
		http://www.mulesoft.org/schema/mule/munit-tools  http://www.mulesoft.org/schema/mule/munit-tools/current/mule-munit-tools.xsd">
	<munit:config name="test-test-suite.xml" />
	<munit:test name="test-test-suite-testFlowTest" doc:id="9566fd48-350c-4f7e-956e-636e0658066a" description="Test">
		<munit:execution >
			<flow-ref doc:name="Flow-ref to testFlow" doc:id="eb0621dd-e11b-4804-a8d6-faaf6064d1b8" name="testFlow"/>
		</munit:execution>
		<munit:validation >
			<munit-tools:verify-call doc:name="Verify end logger" doc:id="31adab34-0d28-4af6-bea4-eed3ae2b5fa2" processor="logger" times="1">
				<munit-tools:with-attributes >
					<munit-tools:with-attribute whereValue="da58d249-5983-48c5-b075-575b9e4856cb" attributeName="doc:id" />
				</munit-tools:with-attributes>
			</munit-tools:verify-call>
		</munit:validation>
	</munit:test>


</mule>
